<?xml version="1.0" encoding="UTF-8"?>
<!-- Generated by org.testng.reporters.JUnitReportReporter -->
<testsuite skipped="0" hostname="DESKTOP-E3G9U4S" name="automation.Scrollpage" tests="1" failures="0" timestamp="25 Jun 2024 13:53:03 GMT" time="14.650" errors="0">
  <testcase name="scrolpageDown" time="14.650" classname="automation.Scrollpage"/>
</testsuite> <!-- automation.Scrollpage -->
